<?xml version="1.0" encoding="utf-8"?><testsuites name="pytest tests"><testsuite name="pytest" errors="0" failures="0" skipped="0" tests="4" time="1.796" timestamp="2025-09-28T19:56:16.374264+00:00" hostname="runnervm3ublj"><testcase classname="tests.python.test_api" name="test_read_root" time="0.016" /><testcase classname="tests.python.test_api" name="test_health_check_with_valid_token" time="0.004" /><testcase classname="tests.python.test_api" name="test_health_check_with_invalid_token" time="0.003" /><testcase classname="tests.python.test_api" name="test_health_check_no_token" time="0.003" /></testsuite></testsuites>