{"numFailedTestSuites":1,"numFailedTests":1,"numPassedTestSuites":0,"numPassedTests":1,"numPendingTestSuites":0,"numPendingTests":18,"numRuntimeErrorTestSuites":0,"numTodoTests":0,"numTotalTestSuites":1,"numTotalTests":20,"openHandles":[],"snapshot":{"added":0,"didUpdate":false,"failure":false,"filesAdded":0,"filesRemoved":0,"filesRemovedList":[],"filesUnmatched":0,"filesUpdated":0,"matched":0,"total":0,"unchecked":0,"uncheckedKeysByFile":[],"unmatched":0,"updated":0},"startTime":1759414017057,"success":false,"testResults":[{"assertionResults":[{"ancestorTitles":["WebSocketGuard"],"duration":null,"failureDetails":[],"failureMessages":[],"fullName":"WebSocketGuard should create a WebSocket connection","invocations":1,"location":null,"numPassingAsserts":0,"retryReasons":[],"status":"pending","title":"should create a WebSocket connection"},{"ancestorTitles":["WebSocketGuard"],"duration":null,"failureDetails":[],"failureMessages":[],"fullName":"WebSocketGuard should connect to WebSocket","invocations":1,"location":null,"numPassingAsserts":0,"retryReasons":[],"status":"pending","title":"should connect to WebSocket"},{"ancestorTitles":["WebSocketGuard"],"duration":null,"failureDetails":[],"failureMessages":[],"fullName":"WebSocketGuard should not reconnect if already connected","invocations":1,"location":null,"numPassingAsserts":0,"retryReasons":[],"status":"pending","title":"should not reconnect if already connected"},{"ancestorTitles":["WebSocketGuard"],"duration":null,"failureDetails":[],"failureMessages":[],"fullName":"WebSocketGuard should handle WebSocket open event","invocations":1,"location":null,"numPassingAsserts":0,"retryReasons":[],"status":"pending","title":"should handle WebSocket open event"},{"ancestorTitles":["WebSocketGuard"],"duration":null,"failureDetails":[],"failureMessages":[],"fullName":"WebSocketGuard should handle WebSocket close event","invocations":1,"location":null,"numPassingAsserts":0,"retryReasons":[],"status":"pending","title":"should handle WebSocket close event"},{"ancestorTitles":["WebSocketGuard"],"duration":null,"failureDetails":[],"failureMessages":[],"fullName":"WebSocketGuard should handle WebSocket error event","invocations":1,"location":null,"numPassingAsserts":0,"retryReasons":[],"status":"pending","title":"should handle WebSocket error event"},{"ancestorTitles":["WebSocketGuard"],"duration":null,"failureDetails":[],"failureMessages":[],"fullName":"WebSocketGuard should handle WebSocket message event","invocations":1,"location":null,"numPassingAsserts":0,"retryReasons":[],"status":"pending","title":"should handle WebSocket message event"},{"ancestorTitles":["WebSocketGuard"],"duration":null,"failureDetails":[],"failureMessages":[],"fullName":"WebSocketGuard should send message when connected","invocations":1,"location":null,"numPassingAsserts":0,"retryReasons":[],"status":"pending","title":"should send message when connected"},{"ancestorTitles":["WebSocketGuard"],"duration":null,"failureDetails":[],"failureMessages":[],"fullName":"WebSocketGuard should not send message when not connected","invocations":1,"location":null,"numPassingAsserts":0,"retryReasons":[],"status":"pending","title":"should not send message when not connected"},{"ancestorTitles":["WebSocketGuard"],"duration":null,"failureDetails":[],"failureMessages":[],"fullName":"WebSocketGuard should close connection","invocations":1,"location":null,"numPassingAsserts":0,"retryReasons":[],"status":"pending","title":"should close connection"},{"ancestorTitles":["WebSocketGuard"],"duration":null,"failureDetails":[],"failureMessages":[],"fullName":"WebSocketGuard should calculate delay with exponential backoff","invocations":1,"location":null,"numPassingAsserts":0,"retryReasons":[],"status":"pending","title":"should calculate delay with exponential backoff"},{"ancestorTitles":["WebSocketGuard"],"duration":null,"failureDetails":[],"failureMessages":[],"fullName":"WebSocketGuard should reset retry count","invocations":1,"location":null,"numPassingAsserts":0,"retryReasons":[],"status":"pending","title":"should reset retry count"},{"ancestorTitles":["WebSocketGuard"],"duration":40,"failureDetails":[{"matcherResult":{"message":"\u001b[2mexpect(\u001b[22m\u001b[31mjest.fn()\u001b[39m\u001b[2m).\u001b[22mtoHaveBeenCalledTimes\u001b[2m(\u001b[22m\u001b[32mexpected\u001b[39m\u001b[2m)\u001b[22m\n\nExpected number of calls: \u001b[32m2\u001b[39m\nReceived number of calls: \u001b[31m1\u001b[39m","pass":false}}],"failureMessages":["Error: \u001b[2mexpect(\u001b[22m\u001b[31mjest.fn()\u001b[39m\u001b[2m).\u001b[22mtoHaveBeenCalledTimes\u001b[2m(\u001b[22m\u001b[32mexpected\u001b[39m\u001b[2m)\u001b[22m\n\nExpected number of calls: \u001b[32m2\u001b[39m\nReceived number of calls: \u001b[31m1\u001b[39m\n    at Object.toHaveBeenCalledTimes (C:\\Users\\danie\\Documents\\mobius-games-tutorial-generator\\client\\src\\utils\\__tests__\\WebSocketGuard.test.js:174:23)\n    at Promise.then.completed (C:\\Users\\danie\\Documents\\mobius-games-tutorial-generator\\node_modules\\jest-circus\\build\\utils.js:298:28)\n    at new Promise (<anonymous>)\n    at callAsyncCircusFn (C:\\Users\\danie\\Documents\\mobius-games-tutorial-generator\\node_modules\\jest-circus\\build\\utils.js:231:10)\n    at _callCircusTest (C:\\Users\\danie\\Documents\\mobius-games-tutorial-generator\\node_modules\\jest-circus\\build\\run.js:316:40)\n    at _runTest (C:\\Users\\danie\\Documents\\mobius-games-tutorial-generator\\node_modules\\jest-circus\\build\\run.js:252:3)\n    at _runTestsForDescribeBlock (C:\\Users\\danie\\Documents\\mobius-games-tutorial-generator\\node_modules\\jest-circus\\build\\run.js:126:9)\n    at _runTestsForDescribeBlock (C:\\Users\\danie\\Documents\\mobius-games-tutorial-generator\\node_modules\\jest-circus\\build\\run.js:121:9)\n    at run (C:\\Users\\danie\\Documents\\mobius-games-tutorial-generator\\node_modules\\jest-circus\\build\\run.js:71:3)\n    at runAndTransformResultsToJestFormat (C:\\Users\\danie\\Documents\\mobius-games-tutorial-generator\\node_modules\\jest-circus\\build\\legacy-code-todo-rewrite\\jestAdapterInit.js:122:21)\n    at jestAdapter (C:\\Users\\danie\\Documents\\mobius-games-tutorial-generator\\node_modules\\jest-circus\\build\\legacy-code-todo-rewrite\\jestAdapter.js:74:19)\n    at runTestInternal (C:\\Users\\danie\\Documents\\mobius-games-tutorial-generator\\node_modules\\jest-runner\\build\\runTest.js:281:16)\n    at runTest (C:\\Users\\danie\\Documents\\mobius-games-tutorial-generator\\node_modules\\jest-runner\\build\\runTest.js:341:7)"],"fullName":"WebSocketGuard applies exponential backoff + jitter within bounds","invocations":1,"location":null,"numPassingAsserts":1,"retryReasons":[],"status":"failed","title":"applies exponential backoff + jitter within bounds"},{"ancestorTitles":["WebSocketGuard"],"duration":null,"failureDetails":[],"failureMessages":[],"fullName":"WebSocketGuard does not exceed maximum retry attempts","invocations":1,"location":null,"numPassingAsserts":0,"retryReasons":[],"status":"pending","title":"does not exceed maximum retry attempts"},{"ancestorTitles":["WebSocketGuard"],"duration":null,"failureDetails":[],"failureMessages":[],"fullName":"WebSocketGuard respects max delay cap","invocations":1,"location":null,"numPassingAsserts":0,"retryReasons":[],"status":"pending","title":"respects max delay cap"},{"ancestorTitles":["WebSocketGuard"],"duration":8,"failureDetails":[],"failureMessages":[],"fullName":"WebSocketGuard applies exponential backoff + jitter within bounds","invocations":1,"location":null,"numPassingAsserts":1,"retryReasons":[],"status":"passed","title":"applies exponential backoff + jitter within bounds"},{"ancestorTitles":["WebSocketGuard"],"duration":null,"failureDetails":[],"failureMessages":[],"fullName":"WebSocketGuard does not reconnect when ws.readyState === OPEN","invocations":1,"location":null,"numPassingAsserts":0,"retryReasons":[],"status":"pending","title":"does not reconnect when ws.readyState === OPEN"},{"ancestorTitles":["WebSocketGuard"],"duration":null,"failureDetails":[],"failureMessages":[],"fullName":"WebSocketGuard does not reconnect when ws.readyState === CONNECTING","invocations":1,"location":null,"numPassingAsserts":0,"retryReasons":[],"status":"pending","title":"does not reconnect when ws.readyState === CONNECTING"},{"ancestorTitles":["WebSocketGuard"],"duration":null,"failureDetails":[],"failureMessages":[],"fullName":"WebSocketGuard respects maximum retry attempts","invocations":1,"location":null,"numPassingAsserts":0,"retryReasons":[],"status":"pending","title":"respects maximum retry attempts"},{"ancestorTitles":["WebSocketGuard"],"duration":null,"failureDetails":[],"failureMessages":[],"fullName":"WebSocketGuard calculates delay with proper jitter bounds","invocations":1,"location":null,"numPassingAsserts":0,"retryReasons":[],"status":"pending","title":"calculates delay with proper jitter bounds"}],"endTime":1759414021805,"message":"\u001b[1m\u001b[31m  \u001b[1m● \u001b[22m\u001b[1mWebSocketGuard › applies exponential backoff + jitter within bounds\u001b[39m\u001b[22m\n\n    \u001b[2mexpect(\u001b[22m\u001b[31mjest.fn()\u001b[39m\u001b[2m).\u001b[22mtoHaveBeenCalledTimes\u001b[2m(\u001b[22m\u001b[32mexpected\u001b[39m\u001b[2m)\u001b[22m\n\n    Expected number of calls: \u001b[32m2\u001b[39m\n    Received number of calls: \u001b[31m1\u001b[39m\n\u001b[2m\u001b[22m\n\u001b[2m    \u001b[0m \u001b[90m 172 |\u001b[39m\u001b[22m\n\u001b[2m     \u001b[90m 173 |\u001b[39m     \u001b[90m// Should have attempted to reconnect\u001b[39m\u001b[22m\n\u001b[2m    \u001b[31m\u001b[1m>\u001b[22m\u001b[2m\u001b[39m\u001b[90m 174 |\u001b[39m     expect(\u001b[33mWebSocket\u001b[39m)\u001b[33m.\u001b[39mtoHaveBeenCalledTimes(\u001b[35m2\u001b[39m)\u001b[33m;\u001b[39m\u001b[22m\n\u001b[2m     \u001b[90m     |\u001b[39m                       \u001b[31m\u001b[1m^\u001b[22m\u001b[2m\u001b[39m\u001b[22m\n\u001b[2m     \u001b[90m 175 |\u001b[39m\u001b[22m\n\u001b[2m     \u001b[90m 176 |\u001b[39m     jest\u001b[33m.\u001b[39museRealTimers()\u001b[33m;\u001b[39m\u001b[22m\n\u001b[2m     \u001b[90m 177 |\u001b[39m     console\u001b[33m.\u001b[39mlog\u001b[33m.\u001b[39mmockRestore()\u001b[33m;\u001b[39m\u001b[0m\u001b[22m\n\u001b[2m\u001b[22m\n\u001b[2m      \u001b[2mat Object.toHaveBeenCalledTimes (\u001b[22m\u001b[2m\u001b[0m\u001b[36mclient/src/utils/__tests__/WebSocketGuard.test.js\u001b[39m\u001b[0m\u001b[2m:174:23)\u001b[22m\u001b[2m\u001b[22m\n","name":"C:\\Users\\danie\\Documents\\mobius-games-tutorial-generator\\client\\src\\utils\\__tests__\\WebSocketGuard.test.js","startTime":1759414020187,"status":"failed","summary":""}],"wasInterrupted":false}
